0 info it worked if it ends with ok
1 verbose cli [ 'node',
1 verbose cli   '/usr/local/bin/npm',
1 verbose cli   'start',
1 verbose cli   '--index',
1 verbose cli   'index.html',
1 verbose cli   '--port',
1 verbose cli   '5000' ]
2 info using npm@2.14.0
3 info using node@v0.12.7
4 verbose stack Error: ENOENT, open '/Users/filipo/Documents/telll/package.json'
4 verbose stack     at Error (native)
5 verbose cwd /Users/filipo/Documents/telll/version_0.17.0/webapp/www
6 error Darwin 14.5.0
7 error argv "node" "/usr/local/bin/npm" "start" "--index" "index.html" "--port" "5000"
8 error node v0.12.7
9 error npm  v2.14.0
10 error path /Users/filipo/Documents/telll/package.json
11 error code ENOENT
12 error errno -2
13 error enoent ENOENT, open '/Users/filipo/Documents/telll/package.json'
13 error enoent This is most likely not a problem with npm itself
13 error enoent and is related to npm not being able to find a file.
14 verbose exit [ -2, true ]
